<?xml version="1.0" encoding="UTF-8"?>
<testng-results ignored="0" total="2" passed="2" failed="0" skipped="0">
  <reporter-output>
    <line>
      <![CDATA[Read data from property file:./qa.properties]]>
    </line>
    <line>
      <![CDATA[Open Edge Browser in Local System]]>
    </line>
    <line>
      <![CDATA[Enter the URL:https://pos.aksharatraining.in/pos/public/]]>
    </line>
    <line>
      <![CDATA[Maximize the browser]]>
    </line>
    <line>
      <![CDATA[Set ITO:9]]>
    </line>
    <line>
      <![CDATA[Set ETO:7]]>
    </line>
    <line>
      <![CDATA[HomePage is Displayed]]>
    </line>
    <line>
      <![CDATA[Close the Browser]]>
    </line>
    <line>
      <![CDATA[Read data from property file:./qa.properties]]>
    </line>
    <line>
      <![CDATA[Open Edge Browser in Local System]]>
    </line>
    <line>
      <![CDATA[Enter the URL:https://pos.aksharatraining.in/pos/public/]]>
    </line>
    <line>
      <![CDATA[Maximize the browser]]>
    </line>
    <line>
      <![CDATA[Set ITO:9]]>
    </line>
    <line>
      <![CDATA[Set ETO:7]]>
    </line>
    <line>
      <![CDATA[Err Msg is Displayed]]>
    </line>
    <line>
      <![CDATA[Close the Browser]]>
    </line>
  </reporter-output>
  <suite started-at="2025-01-09T06:36:08 IST" name="B120Suite" finished-at="2025-01-09T06:36:20 IST" duration-ms="11389">
    <groups>
      <group name="smoke">
        <method signature="ValidLogin.testValidLogin()[pri:1, instance:script.ValidLogin@3a93b025]" name="testValidLogin" class="script.ValidLogin"/>
        <method signature="InvalidLogin.testInvalidLogin()[pri:2, instance:script.InvalidLogin@52e6fdee]" name="testInvalidLogin" class="script.InvalidLogin"/>
      </group> <!-- smoke -->
    </groups>
    <test started-at="2025-01-09T06:36:08 IST" name="TestQA" finished-at="2025-01-09T06:36:20 IST" duration-ms="11389">
      <class name="script.InvalidLogin">
        <test-method is-config="true" signature="preCondition(java.lang.String)[pri:0, instance:script.InvalidLogin@52e6fdee]" started-at="2025-01-09T06:36:15 IST" name="preCondition" finished-at="2025-01-09T06:36:17 IST" duration-ms="2153" status="PASS">
          <params>
            <param index="0">
              <value>
                <![CDATA[qa.properties]]>
              </value>
            </param>
          </params>
          <reporter-output>
            <line>
              <![CDATA[Read data from property file:./qa.properties]]>
            </line>
            <line>
              <![CDATA[Open Edge Browser in Local System]]>
            </line>
            <line>
              <![CDATA[Enter the URL:https://pos.aksharatraining.in/pos/public/]]>
            </line>
            <line>
              <![CDATA[Maximize the browser]]>
            </line>
            <line>
              <![CDATA[Set ITO:9]]>
            </line>
            <line>
              <![CDATA[Set ETO:7]]>
            </line>
          </reporter-output>
        </test-method> <!-- preCondition -->
        <test-method signature="testInvalidLogin()[pri:2, instance:script.InvalidLogin@52e6fdee]" started-at="2025-01-09T06:36:17 IST" name="testInvalidLogin" finished-at="2025-01-09T06:36:18 IST" duration-ms="803" status="PASS">
          <reporter-output>
            <line>
              <![CDATA[Err Msg is Displayed]]>
            </line>
          </reporter-output>
        </test-method> <!-- testInvalidLogin -->
        <test-method is-config="true" signature="postCondition()[pri:0, instance:script.InvalidLogin@52e6fdee]" started-at="2025-01-09T06:36:18 IST" name="postCondition" finished-at="2025-01-09T06:36:20 IST" duration-ms="1512" status="PASS">
          <reporter-output>
            <line>
              <![CDATA[Close the Browser]]>
            </line>
          </reporter-output>
        </test-method> <!-- postCondition -->
      </class> <!-- script.InvalidLogin -->
      <class name="script.ValidLogin">
        <test-method is-config="true" signature="preCondition(java.lang.String)[pri:0, instance:script.ValidLogin@3a93b025]" started-at="2025-01-09T06:36:08 IST" name="preCondition" finished-at="2025-01-09T06:36:12 IST" duration-ms="3192" status="PASS">
          <params>
            <param index="0">
              <value>
                <![CDATA[qa.properties]]>
              </value>
            </param>
          </params>
          <reporter-output>
            <line>
              <![CDATA[Read data from property file:./qa.properties]]>
            </line>
            <line>
              <![CDATA[Open Edge Browser in Local System]]>
            </line>
            <line>
              <![CDATA[Enter the URL:https://pos.aksharatraining.in/pos/public/]]>
            </line>
            <line>
              <![CDATA[Maximize the browser]]>
            </line>
            <line>
              <![CDATA[Set ITO:9]]>
            </line>
            <line>
              <![CDATA[Set ETO:7]]>
            </line>
          </reporter-output>
        </test-method> <!-- preCondition -->
        <test-method signature="testValidLogin()[pri:1, instance:script.ValidLogin@3a93b025]" started-at="2025-01-09T06:36:12 IST" name="testValidLogin" finished-at="2025-01-09T06:36:14 IST" duration-ms="2242" status="PASS">
          <reporter-output>
            <line>
              <![CDATA[HomePage is Displayed]]>
            </line>
          </reporter-output>
        </test-method> <!-- testValidLogin -->
        <test-method is-config="true" signature="postCondition()[pri:0, instance:script.ValidLogin@3a93b025]" started-at="2025-01-09T06:36:14 IST" name="postCondition" finished-at="2025-01-09T06:36:15 IST" duration-ms="1436" status="PASS">
          <reporter-output>
            <line>
              <![CDATA[Close the Browser]]>
            </line>
          </reporter-output>
        </test-method> <!-- postCondition -->
      </class> <!-- script.ValidLogin -->
    </test> <!-- TestQA -->
  </suite> <!-- B120Suite -->
</testng-results>
