<?xml version="1.0" encoding="UTF-8"?>
<testng-results ignored="0" total="1" passed="1" failed="0" skipped="0">
  <reporter-output>
    <line>
      <![CDATA[Read data from property file:./qa.properties]]>
    </line>
    <line>
      <![CDATA[Open Edge Browser in Local System]]>
    </line>
    <line>
      <![CDATA[Enter the URL:http://www.fb.com]]>
    </line>
    <line>
      <![CDATA[Maximize the browser]]>
    </line>
    <line>
      <![CDATA[Set ITO:9]]>
    </line>
    <line>
      <![CDATA[Set ETO:7]]>
    </line>
    <line>
      <![CDATA[test Demo:Facebook – log in or sign up]]>
    </line>
    <line>
      <![CDATA[Excel Data:akshara]]>
    </line>
    <line>
      <![CDATA[Close the Browser]]>
    </line>
  </reporter-output>
  <suite started-at="2025-01-07T07:13:55 IST" name="B120Suite" finished-at="2025-01-07T07:14:02 IST" duration-ms="7343">
    <groups>
    </groups>
    <test started-at="2025-01-07T07:13:55 IST" name="TestQA" finished-at="2025-01-07T07:14:02 IST" duration-ms="7343">
      <class name="script.DemoTest">
        <test-method is-config="true" signature="preCondition(java.lang.String)[pri:0, instance:script.DemoTest@42e99e4a]" started-at="2025-01-07T07:13:55 IST" name="preCondition" finished-at="2025-01-07T07:13:59 IST" duration-ms="4011" status="PASS">
          <params>
            <param index="0">
              <value>
                <![CDATA[qa.properties]]>
              </value>
            </param>
          </params>
          <reporter-output>
            <line>
              <![CDATA[Read data from property file:./qa.properties]]>
            </line>
            <line>
              <![CDATA[Open Edge Browser in Local System]]>
            </line>
            <line>
              <![CDATA[Enter the URL:http://www.fb.com]]>
            </line>
            <line>
              <![CDATA[Maximize the browser]]>
            </line>
            <line>
              <![CDATA[Set ITO:9]]>
            </line>
            <line>
              <![CDATA[Set ETO:7]]>
            </line>
          </reporter-output>
        </test-method> <!-- preCondition -->
        <test-method signature="testDemo()[pri:0, instance:script.DemoTest@42e99e4a]" started-at="2025-01-07T07:13:59 IST" name="testDemo" finished-at="2025-01-07T07:14:01 IST" duration-ms="1802" status="PASS">
          <reporter-output>
            <line>
              <![CDATA[test Demo:Facebook – log in or sign up]]>
            </line>
            <line>
              <![CDATA[Excel Data:akshara]]>
            </line>
          </reporter-output>
        </test-method> <!-- testDemo -->
        <test-method is-config="true" signature="postCondition()[pri:0, instance:script.DemoTest@42e99e4a]" started-at="2025-01-07T07:14:01 IST" name="postCondition" finished-at="2025-01-07T07:14:02 IST" duration-ms="1490" status="PASS">
          <reporter-output>
            <line>
              <![CDATA[Close the Browser]]>
            </line>
          </reporter-output>
        </test-method> <!-- postCondition -->
      </class> <!-- script.DemoTest -->
    </test> <!-- TestQA -->
  </suite> <!-- B120Suite -->
</testng-results>
