<?xml version="1.0" encoding="UTF-8"?>
<testng-results ignored="0" total="1" passed="1" failed="0" skipped="0">
  <reporter-output>
    <line>
      <![CDATA[Read data from property file:./config.properties]]>
    </line>
    <line>
      <![CDATA[Open Chrome Browser in Local System]]>
    </line>
    <line>
      <![CDATA[Enter the URL:https://pos.aksharatraining.in/pos/public/]]>
    </line>
    <line>
      <![CDATA[Maximize the browser]]>
    </line>
    <line>
      <![CDATA[Set ITO:9]]>
    </line>
    <line>
      <![CDATA[Set ETO:7]]>
    </line>
    <line>
      <![CDATA[test Demo:S kart | OSPOS | Login]]>
    </line>
    <line>
      <![CDATA[Excel Data:akshara]]>
    </line>
    <line>
      <![CDATA[Close the Browser]]>
    </line>
  </reporter-output>
  <suite started-at="2025-01-08T06:47:08 IST" name="Default suite" finished-at="2025-01-08T06:47:17 IST" duration-ms="9551">
    <groups>
    </groups>
    <test started-at="2025-01-08T06:47:08 IST" name="Default test" finished-at="2025-01-08T06:47:17 IST" duration-ms="9551">
      <class name="script.DemoTest">
        <test-method is-config="true" signature="preCondition(java.lang.String)[pri:0, instance:script.DemoTest@73a1e9a9]" started-at="2025-01-08T06:47:08 IST" name="preCondition" finished-at="2025-01-08T06:47:16 IST" duration-ms="7858" status="PASS">
          <params>
            <param index="0">
              <value>
                <![CDATA[config.properties]]>
              </value>
            </param>
          </params>
          <reporter-output>
            <line>
              <![CDATA[Read data from property file:./config.properties]]>
            </line>
            <line>
              <![CDATA[Open Chrome Browser in Local System]]>
            </line>
            <line>
              <![CDATA[Enter the URL:https://pos.aksharatraining.in/pos/public/]]>
            </line>
            <line>
              <![CDATA[Maximize the browser]]>
            </line>
            <line>
              <![CDATA[Set ITO:9]]>
            </line>
            <line>
              <![CDATA[Set ETO:7]]>
            </line>
          </reporter-output>
        </test-method> <!-- preCondition -->
        <test-method signature="testDemo()[pri:0, instance:script.DemoTest@73a1e9a9]" started-at="2025-01-08T06:47:16 IST" name="testDemo" finished-at="2025-01-08T06:47:17 IST" duration-ms="1347" status="PASS">
          <reporter-output>
            <line>
              <![CDATA[test Demo:S kart | OSPOS | Login]]>
            </line>
            <line>
              <![CDATA[Excel Data:akshara]]>
            </line>
          </reporter-output>
        </test-method> <!-- testDemo -->
        <test-method is-config="true" signature="postCondition()[pri:0, instance:script.DemoTest@73a1e9a9]" started-at="2025-01-08T06:47:17 IST" name="postCondition" finished-at="2025-01-08T06:47:17 IST" duration-ms="268" status="PASS">
          <reporter-output>
            <line>
              <![CDATA[Close the Browser]]>
            </line>
          </reporter-output>
        </test-method> <!-- postCondition -->
      </class> <!-- script.DemoTest -->
    </test> <!-- Default test -->
  </suite> <!-- Default suite -->
</testng-results>
