<?xml version="1.0" encoding="UTF-8"?>
<testng-results ignored="0" total="1" passed="1" failed="0" skipped="0">
  <reporter-output>
    <line>
      <![CDATA[Read data from property file:./config.properties]]>
    </line>
    <line>
      <![CDATA[Open Chrome Browser in Local System]]>
    </line>
    <line>
      <![CDATA[Enter the URL:https://pos.aksharatraining.in/pos/public/]]>
    </line>
    <line>
      <![CDATA[Maximize the browser]]>
    </line>
    <line>
      <![CDATA[Set ITO:9]]>
    </line>
    <line>
      <![CDATA[Set ETO:7]]>
    </line>
    <line>
      <![CDATA[Err Msg is Displayed]]>
    </line>
    <line>
      <![CDATA[Close the Browser]]>
    </line>
  </reporter-output>
  <suite started-at="2025-01-10T06:13:00 IST" name="Default suite" finished-at="2025-01-10T06:13:08 IST" duration-ms="7399">
    <groups>
      <group name="smoke">
        <method signature="InvalidLogin.testInvalidLogin()[pri:2, instance:script.InvalidLogin@73a1e9a9]" name="testInvalidLogin" class="script.InvalidLogin"/>
      </group> <!-- smoke -->
    </groups>
    <test started-at="2025-01-10T06:13:00 IST" name="Default test" finished-at="2025-01-10T06:13:08 IST" duration-ms="7399">
      <class name="script.InvalidLogin">
        <test-method is-config="true" signature="preCondition(java.lang.String)[pri:0, instance:script.InvalidLogin@73a1e9a9]" started-at="2025-01-10T06:13:00 IST" name="preCondition" finished-at="2025-01-10T06:13:05 IST" duration-ms="4460" status="PASS">
          <params>
            <param index="0">
              <value>
                <![CDATA[config.properties]]>
              </value>
            </param>
          </params>
          <reporter-output>
            <line>
              <![CDATA[Read data from property file:./config.properties]]>
            </line>
            <line>
              <![CDATA[Open Chrome Browser in Local System]]>
            </line>
            <line>
              <![CDATA[Enter the URL:https://pos.aksharatraining.in/pos/public/]]>
            </line>
            <line>
              <![CDATA[Maximize the browser]]>
            </line>
            <line>
              <![CDATA[Set ITO:9]]>
            </line>
            <line>
              <![CDATA[Set ETO:7]]>
            </line>
          </reporter-output>
        </test-method> <!-- preCondition -->
        <test-method signature="testInvalidLogin()[pri:2, instance:script.InvalidLogin@73a1e9a9]" started-at="2025-01-10T06:13:05 IST" name="testInvalidLogin" finished-at="2025-01-10T06:13:07 IST" duration-ms="2387" status="PASS">
          <reporter-output>
            <line>
              <![CDATA[Err Msg is Displayed]]>
            </line>
          </reporter-output>
        </test-method> <!-- testInvalidLogin -->
        <test-method is-config="true" signature="postCondition()[pri:0, instance:script.InvalidLogin@73a1e9a9]" started-at="2025-01-10T06:13:07 IST" name="postCondition" finished-at="2025-01-10T06:13:08 IST" duration-ms="429" status="PASS">
          <reporter-output>
            <line>
              <![CDATA[Close the Browser]]>
            </line>
          </reporter-output>
        </test-method> <!-- postCondition -->
      </class> <!-- script.InvalidLogin -->
    </test> <!-- Default test -->
  </suite> <!-- Default suite -->
</testng-results>
